Task 1 output directory: /home/bnn_10fs26/pands_ibnnwml/Final_Task/task1_outputs/task1_N6_DIV40_macro_f1_seed42_20260525_023506
Live training log: /home/bnn_10fs26/pands_ibnnwml/Final_Task/task1_outputs/task1_N6_DIV40_macro_f1_seed42_20260525_023506/live_training.log
  0%|          | 0/100 [00:00<?, ?it/s]epoch 1 train_acc=86.1% val_f1=94.5% best_f1=94.5% stale=0:   0%|          | 0/100 [01:04<?, ?it/s]Epoch 001: train_acc=86.07% val_macro_f1=94.52% val_acc=94.54% val_loss=0.1586 best_f1=94.52% stale=0/16
epoch 1 train_acc=86.1% val_f1=94.5% best_f1=94.5% stale=0:   1%|1         | 1/100 [01:04<1:45:55, 64.20s/it]epoch 1 train_acc=86.1% val_f1=94.5% best_f1=94.5% stale=0:   1%|1         | 1/100 [01:26<2:22:42, 86.49s/it]
Training interrupted; writing partial artifacts.
Task 1 run summary:
{
  "status": "interrupted",
  "stop_reason": null,
  "model_type": "task1_final_N6_DIV40_macro_f1_v1",
  "completed_epochs": 1,
  "primary_metric": "macro_f1",
  "current_run_best_val_macro_f1": 0.9452018404927494,
  "current_run_best_val_f1": 0.9452018404927494,
  "current_run_best_val_weighted_f1": 0.945197891664467,
  "current_run_best_val_micro_f1": 0.9453752894700995,
  "current_run_best_val_acc": 0.9453752894700994,
  "current_run_best_f1_epoch": 1,
  "current_run_best_val_loss": 0.15860570581822558,
  "all_time_best_val_macro_f1": 0.9452018404927494,
  "available_networks": [
    6
  ],
  "split_mode": "stratified_random",
  "random_seed": 42,
  "val_frac": 0.1,
  "n_train": 66038,
  "n_val": 7341,
  "batch_size": 256,
  "learning_rate": 0.0008,
  "weight_decay": 0.0001,
  "class_label_smoothing": 0.0,
  "use_frequency_features": false,
  "raw_time_windows": 8,
  "model_dropout": 0.14,
  "uses_pattern_circle_loss": false,
  "uses_pattern_angle_head": false,
  "uses_electrode_loop_topology": true,
  "early_stop_patience": 16,
  "early_stop_min_delta": 0.0001,
  "scheduler_patience": 7,
  "device": "cuda:2",
  "task1_gpu_ids": [
    2,
    3
  ],
  "uses_data_parallel": true,
  "run_name": "task1_N6_DIV40_macro_f1_seed42_20260525_023506",
  "output_dir": "/home/bnn_10fs26/pands_ibnnwml/Final_Task/task1_outputs/task1_N6_DIV40_macro_f1_seed42_20260525_023506",
  "best_model_this_run": "/home/bnn_10fs26/pands_ibnnwml/Final_Task/task1_outputs/task1_N6_DIV40_macro_f1_seed42_20260525_023506/best_model_this_run.pth",
  "all_time_best_model_path": "/home/bnn_10fs26/best_model_final_task_1_N6_DIV40_macro_f1.pth"
}
